<?xml version="1.0" encoding="UTF-8"?>
<testng-results ignored="0" total="2" passed="1" failed="1" skipped="0">
  <reporter-output>
  </reporter-output>
  <suite started-at="2021-07-14T13:56:40Z" name="Default suite" finished-at="2021-07-14T13:56:54Z" duration-ms="14375">
    <groups>
    </groups>
    <test started-at="2021-07-14T13:56:40Z" name="Default test" finished-at="2021-07-14T13:56:54Z" duration-ms="14375">
      <class name="com.cleartrip.qa.testcase.HomePageTest">
        <test-method is-config="true" signature="setUp()[pri:0, instance:com.cleartrip.qa.testcase.HomePageTest@3ddc6915]" started-at="2021-07-14T19:26:40Z" name="setUp" finished-at="2021-07-14T19:26:44Z" duration-ms="4499" status="PASS">
          <reporter-output>
          </reporter-output>
        </test-method> <!-- setUp -->
        <test-method signature="PickDate()[pri:1, instance:com.cleartrip.qa.testcase.HomePageTest@3ddc6915]" started-at="2021-07-14T19:26:44Z" name="PickDate" finished-at="2021-07-14T19:26:44Z" duration-ms="72" status="FAIL">
          <exception class="org.openqa.selenium.support.ui.UnexpectedTagNameException">
            <message>
              <![CDATA[Element should have been "select" but was "button"
Build info: version: '3.14.0', revision: 'aacccce0', time: '2018-08-02T20:19:58.91Z'
System info: host: 'BDC7-L-H1C1NW2', ip: '192.168.1.9', os.name: 'Windows 10', os.arch: 'amd64', os.version: '10.0', java.version: '14.0.2'
Driver info: driver.version: unknown]]>
            </message>
            <full-stacktrace>
              <![CDATA[org.openqa.selenium.support.ui.UnexpectedTagNameException: Element should have been "select" but was "button"
Build info: version: '3.14.0', revision: 'aacccce0', time: '2018-08-02T20:19:58.91Z'
System info: host: 'BDC7-L-H1C1NW2', ip: '192.168.1.9', os.name: 'Windows 10', os.arch: 'amd64', os.version: '10.0', java.version: '14.0.2'
Driver info: driver.version: unknown
	at org.openqa.selenium.support.ui.Select.<init>(Select.java:47)
	at com.cleartrip.qa.pages.CTHomePage.DatePicking(CTHomePage.java:71)
	at com.cleartrip.qa.testcase.HomePageTest.PickDate(HomePageTest.java:33)
	at java.base/jdk.internal.reflect.NativeMethodAccessorImpl.invoke0(Native Method)
	at java.base/jdk.internal.reflect.NativeMethodAccessorImpl.invoke(NativeMethodAccessorImpl.java:62)
	at java.base/jdk.internal.reflect.DelegatingMethodAccessorImpl.invoke(DelegatingMethodAccessorImpl.java:43)
	at java.base/java.lang.reflect.Method.invoke(Method.java:564)
	at org.testng.internal.MethodInvocationHelper.invokeMethod(MethodInvocationHelper.java:108)
	at org.testng.internal.Invoker.invokeMethod(Invoker.java:661)
	at org.testng.internal.Invoker.invokeTestMethod(Invoker.java:869)
	at org.testng.internal.Invoker.invokeTestMethods(Invoker.java:1193)
	at org.testng.internal.TestMethodWorker.invokeTestMethods(TestMethodWorker.java:126)
	at org.testng.internal.TestMethodWorker.run(TestMethodWorker.java:109)
	at org.testng.TestRunner.privateRun(TestRunner.java:744)
	at org.testng.TestRunner.run(TestRunner.java:602)
	at org.testng.SuiteRunner.runTest(SuiteRunner.java:380)
	at org.testng.SuiteRunner.runSequentially(SuiteRunner.java:375)
	at org.testng.SuiteRunner.privateRun(SuiteRunner.java:340)
	at org.testng.SuiteRunner.run(SuiteRunner.java:289)
	at org.testng.SuiteRunnerWorker.runSuite(SuiteRunnerWorker.java:52)
	at org.testng.SuiteRunnerWorker.run(SuiteRunnerWorker.java:86)
	at org.testng.TestNG.runSuitesSequentially(TestNG.java:1301)
	at org.testng.TestNG.runSuitesLocally(TestNG.java:1226)
	at org.testng.TestNG.runSuites(TestNG.java:1144)
	at org.testng.TestNG.run(TestNG.java:1115)
	at org.testng.remote.AbstractRemoteTestNG.run(AbstractRemoteTestNG.java:115)
	at org.testng.remote.RemoteTestNG.initAndRun(RemoteTestNG.java:251)
	at org.testng.remote.RemoteTestNG.main(RemoteTestNG.java:77)
]]>
            </full-stacktrace>
          </exception> <!-- org.openqa.selenium.support.ui.UnexpectedTagNameException -->
          <reporter-output>
          </reporter-output>
        </test-method> <!-- PickDate -->
        <test-method signature="HomePageEntries()[pri:2, instance:com.cleartrip.qa.testcase.HomePageTest@3ddc6915]" started-at="2021-07-14T19:26:44Z" name="HomePageEntries" finished-at="2021-07-14T19:26:54Z" duration-ms="9073" status="PASS">
          <reporter-output>
          </reporter-output>
        </test-method> <!-- HomePageEntries -->
        <test-method is-config="true" signature="tearDowm()[pri:0, instance:com.cleartrip.qa.testcase.HomePageTest@3ddc6915]" started-at="2021-07-14T19:26:54Z" name="tearDowm" finished-at="2021-07-14T19:26:54Z" duration-ms="700" status="PASS">
          <reporter-output>
          </reporter-output>
        </test-method> <!-- tearDowm -->
      </class> <!-- com.cleartrip.qa.testcase.HomePageTest -->
    </test> <!-- Default test -->
  </suite> <!-- Default suite -->
</testng-results>
